Arguments: 
  /home/os/.nvm/versions/node/v17.9.0/bin/node /usr/share/yarn/bin/yarn.js

PATH: 
  /home/os/.nvm/versions/node/v17.9.0/bin:/home/os/.cargo/bin:/home/os/.local/bin:/usr/local/sbin:/usr/local/bin:/usr/sbin:/usr/bin:/sbin:/bin:/usr/games:/usr/local/games:/snap/bin:/home/os/Downloads/flutter/bin:/home/os/.foundry/bin:/home/os/.protostar/dist/protostar:/home/os/.protostar/dist/protostar:/home/os/Downloads/flutter/bin:/home/os/.foundry/bin:/home/os/.protostar/dist/protostar:/home/os/.protostar/dist/protostar

Yarn version: 
  1.21.1

Node version: 
  17.9.0

Platform: 
  linux x64

Trace: 
  Error: connect ECONNREFUSED 2606:4700::6810:1723:443
      at TCPConnectWrap.afterConnect [as oncomplete] (node:net:1195:16)

npm manifest: 
  {
    "name": "nextra-docs-template",
    "version": "0.0.1",
    "description": "Nextra docs template",
    "scripts": {
      "dev": "next dev",
      "build": "next build",
      "start": "next start"
    },
    "repository": {
      "type": "git",
      "url": "git+https://github.com/shuding/nextra-docs-template.git"
    },
    "author": "Shu Ding <g@shud.in>",
    "license": "MIT",
    "bugs": {
      "url": "https://github.com/shuding/nextra-docs-template/issues"
    },
    "homepage": "https://github.com/shuding/nextra-docs-template#readme",
    "dependencies": {
      "next": "^13.0.6",
      "nextra": "2.0.1",
      "nextra-theme-docs": "2.0.1",
      "react": "^18.2.0",
      "react-dom": "^18.2.0"
    },
    "devDependencies": {
      "@types/node": "18.11.10",
      "typescript": "^4.9.3"
    }
  }

yarn manifest: 
  No manifest

Lockfile: 
  No lockfile
